2026-01-20 01:00:08 [main] INFO  utils.BaseClass - Entered text: John into element: By.xpath: //input[@placeholder = 'Name']
2026-01-20 01:00:08 [main] INFO  utils.BaseClass - Entered text: Test27@gmail.com into element: By.xpath: //input[@data-qa = 'signup-email']
2026-01-20 01:00:10 [main] INFO  utils.BaseClass - Clicked on element: By.xpath: //button[@data-qa = 'signup-button']
2026-01-20 01:00:10 [main] INFO  utils.BaseClass - Clicked on element: By.xpath: //input[@name = 'title' and @value = 'Mr']
2026-01-20 01:00:11 [main] INFO  utils.BaseClass - Entered text: Admin@123 into element: By.xpath: //input[@type = 'password']
2026-01-20 01:00:11 [main] INFO  utils.BaseClass - Selected option: 2 from dropdowwn: By.xpath: //select[@id = 'days']
2026-01-20 01:00:11 [main] INFO  utils.BaseClass - Selected option: December from dropdowwn: By.xpath: //select[@id = 'months']
2026-01-20 01:00:11 [main] INFO  utils.BaseClass - Selected option: 1991 from dropdowwn: By.xpath: //select[@id = 'years']
2026-01-20 01:00:12 [main] INFO  utils.BaseClass - Clicked on element: By.xpath: //input[@id = 'newsletter']
2026-01-20 01:00:12 [main] INFO  utils.BaseClass - Clicked on element: By.xpath: //input[@id = 'optin']
2026-01-20 01:00:12 [main] INFO  utils.BaseClass - Entered text: John into element: By.xpath: //input[@id = 'first_name']
2026-01-20 01:00:12 [main] INFO  utils.BaseClass - Entered text: Doe into element: By.xpath: //input[@id = 'last_name']
2026-01-20 01:00:13 [main] INFO  utils.BaseClass - Entered text: ABC Ltd into element: By.xpath: //input[@id = 'company']
2026-01-20 01:00:13 [main] INFO  utils.BaseClass - Entered text: 123 Main Street into element: By.xpath: //input[@id = 'address1']
2026-01-20 01:00:13 [main] INFO  utils.BaseClass - Selected option: United States from dropdowwn: By.xpath: //select[@id = 'country']
2026-01-20 01:00:13 [main] INFO  utils.BaseClass - Entered text: NY into element: By.xpath: //input[@id = 'state']
2026-01-20 01:00:13 [main] INFO  utils.BaseClass - Entered text: Albany into element: By.xpath: //input[@id = 'city']
2026-01-20 01:00:14 [main] INFO  utils.BaseClass - Entered text: 12201 into element: By.xpath: //input[@id = 'zipcode']
2026-01-20 01:00:14 [main] INFO  utils.BaseClass - Entered text: 1234567890 into element: By.xpath: //input[@id = 'mobile_number']
2026-01-20 01:00:18 [main] INFO  utils.BaseClass - Clicked on element: By.xpath: //button[@type = 'submit']
2026-01-20 01:10:05 [main] INFO  utils.BaseClass - Entered text: John into element: By.xpath: //input[@placeholder = 'Name']
2026-01-20 01:10:05 [main] INFO  utils.BaseClass - Entered text: Test27@gmail.com into element: By.xpath: //input[@data-qa = 'signup-email']
2026-01-20 01:10:08 [main] INFO  utils.BaseClass - Clicked on element: By.xpath: //button[@data-qa = 'signup-button']
2026-01-20 01:11:28 [main] INFO  utils.BaseClass - Entered text: John into element: By.xpath: //input[@placeholder = 'Name']
2026-01-20 01:11:29 [main] INFO  utils.BaseClass - Entered text: Test27@gmail.com into element: By.xpath: //input[@data-qa = 'signup-email']
2026-01-20 01:11:30 [main] INFO  utils.BaseClass - Clicked on element: By.xpath: //button[@data-qa = 'signup-button']
2026-01-20 01:11:30 [main] INFO  utils.BaseClass - Clicked on element: By.xpath: //input[@name = 'title' and @value = 'Mr']
2026-01-20 01:11:31 [main] INFO  utils.BaseClass - Entered text: Admin@123 into element: By.xpath: //input[@type = 'password']
2026-01-20 01:11:31 [main] INFO  utils.BaseClass - Selected option: 2 from dropdowwn: By.xpath: //select[@id = 'days']
2026-01-20 01:11:31 [main] INFO  utils.BaseClass - Selected option: December from dropdowwn: By.xpath: //select[@id = 'months']
2026-01-20 01:11:31 [main] INFO  utils.BaseClass - Selected option: 1991 from dropdowwn: By.xpath: //select[@id = 'years']
2026-01-20 01:11:31 [main] INFO  utils.BaseClass - Clicked on element: By.xpath: //input[@id = 'newsletter']
2026-01-20 01:11:32 [main] INFO  utils.BaseClass - Clicked on element: By.xpath: //input[@id = 'optin']
2026-01-20 01:11:32 [main] INFO  utils.BaseClass - Entered text: John into element: By.xpath: //input[@id = 'first_name']
2026-01-20 01:11:32 [main] INFO  utils.BaseClass - Entered text: Doe into element: By.xpath: //input[@id = 'last_name']
2026-01-20 01:11:32 [main] INFO  utils.BaseClass - Entered text: ABC Ltd into element: By.xpath: //input[@id = 'company']
2026-01-20 01:11:33 [main] INFO  utils.BaseClass - Entered text: 123 Main Street into element: By.xpath: //input[@id = 'address1']
2026-01-20 01:11:33 [main] INFO  utils.BaseClass - Selected option: United States from dropdowwn: By.xpath: //select[@id = 'country']
2026-01-20 01:11:33 [main] INFO  utils.BaseClass - Entered text: NY into element: By.xpath: //input[@id = 'state']
2026-01-20 01:11:33 [main] INFO  utils.BaseClass - Entered text: Albany into element: By.xpath: //input[@id = 'city']
2026-01-20 01:11:34 [main] INFO  utils.BaseClass - Entered text: 12201 into element: By.xpath: //input[@id = 'zipcode']
2026-01-20 01:11:34 [main] INFO  utils.BaseClass - Entered text: 1234567890 into element: By.xpath: //input[@id = 'mobile_number']
2026-01-20 01:11:36 [main] INFO  utils.BaseClass - Clicked on element: By.xpath: //button[@type = 'submit']
2026-02-14 17:17:07 [main] INFO  utils.BaseClass - Entered text: John into element: By.xpath: //input[@placeholder = 'Name']
2026-02-14 17:17:07 [main] INFO  utils.BaseClass - Entered text: Test27@gmail.com into element: By.xpath: //input[@data-qa = 'signup-email']
2026-02-14 17:17:07 [main] INFO  utils.BaseClass - Clicked on element: By.xpath: //button[@data-qa = 'signup-button']
2026-02-14 17:20:46 [main] INFO  utils.BaseClass - Entered text: John into element: By.xpath: //input[@placeholder = 'Name']
2026-02-14 17:20:47 [main] INFO  utils.BaseClass - Entered text: Test27@gmail.com into element: By.xpath: //input[@data-qa = 'signup-email']
2026-02-14 17:20:47 [main] INFO  utils.BaseClass - Clicked on element: By.xpath: //button[@data-qa = 'signup-button']
2026-02-14 17:20:48 [main] INFO  utils.BaseClass - Clicked on element: By.xpath: //input[@name = 'title' and @value = 'Mr']
2026-02-14 17:20:48 [main] INFO  utils.BaseClass - Entered text: Admin@123 into element: By.xpath: //input[@type = 'password']
2026-02-14 17:20:49 [main] INFO  utils.BaseClass - Selected option: 2 from dropdowwn: By.xpath: //select[@id = 'days']
2026-02-14 17:20:49 [main] INFO  utils.BaseClass - Selected option: December from dropdowwn: By.xpath: //select[@id = 'months']
2026-02-14 17:20:49 [main] INFO  utils.BaseClass - Selected option: 1991 from dropdowwn: By.xpath: //select[@id = 'years']
2026-02-14 17:20:49 [main] INFO  utils.BaseClass - Clicked on element: By.xpath: //input[@id = 'newsletter']
2026-02-14 17:20:49 [main] INFO  utils.BaseClass - Clicked on element: By.xpath: //input[@id = 'optin']
2026-02-14 17:20:50 [main] INFO  utils.BaseClass - Entered text: John into element: By.xpath: //input[@id = 'first_name']
2026-02-14 17:20:50 [main] INFO  utils.BaseClass - Entered text: Doe into element: By.xpath: //input[@id = 'last_name']
2026-02-14 17:20:50 [main] INFO  utils.BaseClass - Entered text: ABC Ltd into element: By.xpath: //input[@id = 'company']
2026-02-14 17:20:50 [main] INFO  utils.BaseClass - Entered text: 123 Main Street into element: By.xpath: //input[@id = 'address1']
2026-02-14 17:20:50 [main] INFO  utils.BaseClass - Selected option: United States from dropdowwn: By.xpath: //select[@id = 'country']
2026-02-14 17:20:50 [main] INFO  utils.BaseClass - Entered text: NY into element: By.xpath: //input[@id = 'state']
2026-02-14 17:20:51 [main] INFO  utils.BaseClass - Entered text: Albany into element: By.xpath: //input[@id = 'city']
2026-02-14 17:20:51 [main] INFO  utils.BaseClass - Entered text: 12201 into element: By.xpath: //input[@id = 'zipcode']
2026-02-14 17:20:51 [main] INFO  utils.BaseClass - Entered text: 1234567890 into element: By.xpath: //input[@id = 'mobile_number']
2026-02-14 17:20:52 [main] INFO  utils.BaseClass - Clicked on element: By.xpath: //button[@type = 'submit']
2026-02-14 19:23:37 [main] INFO  utils.BaseClass - Entered text: John into element: By.xpath: //input[@placeholder = 'Name']
2026-02-14 19:23:37 [main] INFO  utils.BaseClass - Entered text: Test27@gmail.com into element: By.xpath: //input[@data-qa = 'signup-email']
2026-02-14 19:23:37 [main] INFO  utils.BaseClass - Clicked on element: By.xpath: //button[@data-qa = 'signup-button']
2026-02-14 19:34:50 [main] INFO  utils.BaseClass - Entered text: John into element: By.xpath: //input[@placeholder = 'Name']
2026-02-14 19:34:51 [main] INFO  utils.BaseClass - Entered text: Test27@gmail.com into element: By.xpath: //input[@data-qa = 'signup-email']
2026-02-14 19:34:54 [main] INFO  utils.BaseClass - Clicked on element: By.xpath: //button[@data-qa = 'signup-button']
2026-02-25 01:56:43 [TestNG-PoolService-0] INFO  utils.BaseClass - Entered text: username into element: By.xpath: //input[@data-qa = 'login-email']
2026-02-25 01:56:43 [TestNG-PoolService-1] INFO  utils.BaseClass - Entered text: Test@123.gmail.com into element: By.xpath: //input[@data-qa = 'login-email']
2026-02-25 01:58:43 [TestNG-PoolService-0] INFO  utils.BaseClass - Entered text: username into element: By.xpath: //input[@data-qa = 'login-email']
2026-02-25 01:58:44 [TestNG-PoolService-1] INFO  utils.BaseClass - Entered text: Test@123.gmail.com into element: By.xpath: //input[@data-qa = 'login-email']
2026-02-25 02:01:51 [TestNG-PoolService-0] INFO  utils.BaseClass - Entered text: username into element: By.xpath: //input[@data-qa = 'login-email']
2026-02-25 02:01:51 [TestNG-PoolService-1] INFO  utils.BaseClass - Entered text: Test@123.gmail.com into element: By.xpath: //input[@data-qa = 'login-email']
2026-02-25 02:01:51 [TestNG-PoolService-0] INFO  utils.BaseClass - Entered text: password into element: By.xpath: //input[@data-qa = 'login-password']
2026-02-25 02:01:51 [TestNG-PoolService-1] INFO  utils.BaseClass - Entered text: Test@1234 into element: By.xpath: //input[@data-qa = 'login-password']
2026-02-25 02:01:51 [TestNG-PoolService-0] INFO  utils.BaseClass - Clicked on element: By.xpath: //button[@data-qa = 'login-button']
2026-02-25 02:01:55 [TestNG-PoolService-1] INFO  utils.BaseClass - Clicked on element: By.xpath: //button[@data-qa = 'login-button']
2026-02-26 20:50:21 [TestNG-PoolService-1] INFO  utils.BaseClass - Entered text: Test@123.gmail.com into element: By.xpath: //input[@data-qa = 'login-email']
2026-02-26 20:50:21 [TestNG-PoolService-1] INFO  utils.BaseClass - Entered text: Test@1234 into element: By.xpath: //input[@data-qa = 'login-password']
2026-02-26 20:50:25 [TestNG-PoolService-1] INFO  utils.BaseClass - Clicked on element: By.xpath: //button[@data-qa = 'login-button']
2026-02-26 20:50:27 [TestNG-PoolService-0] INFO  utils.BaseClass - Entered text: username into element: By.xpath: //input[@data-qa = 'login-email']
2026-02-26 20:50:28 [TestNG-PoolService-0] INFO  utils.BaseClass - Entered text: password into element: By.xpath: //input[@data-qa = 'login-password']
2026-02-26 20:50:28 [TestNG-PoolService-0] INFO  utils.BaseClass - Clicked on element: By.xpath: //button[@data-qa = 'login-button']
2026-02-26 20:57:45 [TestNG-PoolService-0] INFO  utils.BaseClass - Entered text: Test@123.gmail.com into element: By.xpath: //input[@data-qa = 'login-email']
2026-02-26 20:57:45 [TestNG-PoolService-0] INFO  utils.BaseClass - Entered text: Test@1234 into element: By.xpath: //input[@data-qa = 'login-password']
2026-02-26 20:58:05 [TestNG-PoolService-1] INFO  utils.BaseClass - Entered text: Test123@gmail.com into element: By.xpath: //input[@data-qa = 'login-email']
2026-02-26 20:58:05 [TestNG-PoolService-1] INFO  utils.BaseClass - Entered text: test123 into element: By.xpath: //input[@data-qa = 'login-password']
2026-02-26 20:58:08 [TestNG-PoolService-1] INFO  utils.BaseClass - Clicked on element: By.xpath: //button[@data-qa = 'login-button']
2026-02-26 20:58:09 [TestNG-PoolService-0] INFO  utils.BaseClass - Clicked on element: By.xpath: //button[@data-qa = 'login-button']
2026-02-27 01:02:27 [TestNG-PoolService-0] INFO  utils.BaseClass - Entered text: Test@123.gmail.com into element: By.xpath: //input[@data-qa = 'login-email']
2026-02-27 01:02:27 [TestNG-PoolService-1] INFO  utils.BaseClass - Entered text: Test123@gmail.com into element: By.xpath: //input[@data-qa = 'login-email']
2026-02-27 01:02:27 [TestNG-PoolService-0] INFO  utils.BaseClass - Entered text: Test@1234 into element: By.xpath: //input[@data-qa = 'login-password']
2026-02-27 01:02:27 [TestNG-PoolService-1] INFO  utils.BaseClass - Entered text: test123 into element: By.xpath: //input[@data-qa = 'login-password']
2026-02-27 01:02:29 [TestNG-PoolService-1] INFO  utils.BaseClass - Clicked on element: By.xpath: //button[@data-qa = 'login-button']
2026-02-27 01:02:30 [TestNG-PoolService-0] INFO  utils.BaseClass - Clicked on element: By.xpath: //button[@data-qa = 'login-button']
2026-02-27 01:04:53 [TestNG-PoolService-1] INFO  utils.BaseClass - Entered text: Test123@gmail.com into element: By.xpath: //input[@data-qa = 'login-email']
2026-02-27 01:04:53 [TestNG-PoolService-1] INFO  utils.BaseClass - Entered text: test123 into element: By.xpath: //input[@data-qa = 'login-password']
2026-02-27 01:04:53 [TestNG-PoolService-0] INFO  utils.BaseClass - Entered text: Test@123.gmail.com into element: By.xpath: //input[@data-qa = 'login-email']
2026-02-27 01:04:53 [TestNG-PoolService-0] INFO  utils.BaseClass - Entered text: Test@1234 into element: By.xpath: //input[@data-qa = 'login-password']
2026-02-27 01:04:54 [TestNG-PoolService-1] INFO  utils.BaseClass - Clicked on element: By.xpath: //button[@data-qa = 'login-button']
2026-02-27 01:04:56 [TestNG-PoolService-0] INFO  utils.BaseClass - Clicked on element: By.xpath: //button[@data-qa = 'login-button']
2026-02-27 01:29:23 [TestNG-PoolService-1] INFO  utils.BaseClass - Entered text: Test123@gmail.com into element: By.xpath: //input[@data-qa = 'login-email']
2026-02-27 01:29:23 [TestNG-PoolService-0] INFO  utils.BaseClass - Entered text: Test@123.gmail.com into element: By.xpath: //input[@data-qa = 'login-email']
2026-02-27 01:29:23 [TestNG-PoolService-1] INFO  utils.BaseClass - Entered text: test123 into element: By.xpath: //input[@data-qa = 'login-password']
2026-02-27 01:29:23 [TestNG-PoolService-0] INFO  utils.BaseClass - Entered text: Test@1234 into element: By.xpath: //input[@data-qa = 'login-password']
2026-02-27 01:29:24 [TestNG-PoolService-1] INFO  utils.BaseClass - Clicked on element: By.xpath: //button[@data-qa = 'login-button']
2026-02-27 01:29:25 [TestNG-PoolService-0] INFO  utils.BaseClass - Clicked on element: By.xpath: //button[@data-qa = 'login-button']
2026-02-27 01:32:24 [TestNG-PoolService-0] INFO  utils.BaseClass - Entered text: Test@123.gmail.com into element: By.xpath: //input[@data-qa = 'login-email']
2026-02-27 01:32:25 [TestNG-PoolService-1] INFO  utils.BaseClass - Entered text: Test123@gmail.com into element: By.xpath: //input[@data-qa = 'login-email']
2026-02-27 01:32:25 [TestNG-PoolService-0] INFO  utils.BaseClass - Entered text: Test@1234 into element: By.xpath: //input[@data-qa = 'login-password']
2026-02-27 01:32:25 [TestNG-PoolService-1] INFO  utils.BaseClass - Entered text: test123 into element: By.xpath: //input[@data-qa = 'login-password']
2026-02-27 01:32:27 [TestNG-PoolService-0] INFO  utils.BaseClass - Clicked on element: By.xpath: //button[@data-qa = 'login-button']
2026-02-27 01:32:28 [TestNG-PoolService-1] INFO  utils.BaseClass - Clicked on element: By.xpath: //button[@data-qa = 'login-button']
